2026-02-20 17:22:12,176 - Starting CartPole live run...
2026-02-20 17:22:14,930 - Tick: 0 | x: 0.029, theta: -0.024, surp: 0.297, unc: 0.240, mode: FORAGING
2026-02-20 17:22:17,618 - Tick: 50 | x: 0.659, theta: -1.745, surp: 0.675, unc: 0.652, mode: FORAGING
2026-02-20 17:22:20,455 - Tick: 100 | x: 0.225, theta: 1.503, surp: 0.598, unc: 0.290, mode: FORAGING
2026-02-20 17:22:23,303 - Tick: 150 | x: 1.580, theta: 1.153, surp: 0.440, unc: 0.104, mode: FORAGING
2026-02-20 17:22:26,450 - Tick: 200 | x: 0.548, theta: -0.497, surp: 0.661, unc: 0.135, mode: FORAGING
2026-02-20 17:22:29,196 - Tick: 250 | x: -1.248, theta: -3.028, surp: 0.707, unc: 0.071, mode: RECOVERING
2026-02-20 17:22:31,949 - Tick: 300 | x: 1.002, theta: -0.298, surp: 0.564, unc: 0.034, mode: FORAGING
2026-02-20 17:22:35,136 - Tick: 350 | x: 1.276, theta: 1.738, surp: 0.539, unc: 0.028, mode: RECOVERING
2026-02-20 17:22:38,394 - Tick: 400 | x: -0.508, theta: -2.362, surp: 0.997, unc: 0.075, mode: RECOVERING
2026-02-20 17:22:42,745 - Tick: 450 | x: -1.323, theta: -0.674, surp: 0.773, unc: 0.022, mode: FORAGING
2026-02-20 17:22:45,803 - Tick: 500 | x: -0.262, theta: 0.590, surp: 0.348, unc: 0.048, mode: RECOVERING
2026-02-20 17:22:48,714 - Tick: 550 | x: 0.542, theta: 1.454, surp: 0.428, unc: 0.034, mode: RECOVERING
2026-02-20 17:22:52,489 - Tick: 600 | x: 1.398, theta: 1.816, surp: 0.417, unc: 0.018, mode: RECOVERING
2026-02-20 17:22:57,096 - Tick: 650 | x: 1.520, theta: 1.630, surp: 0.429, unc: 0.021, mode: RECOVERING
2026-02-20 17:23:01,887 - Tick: 700 | x: 0.512, theta: 1.045, surp: 0.388, unc: 0.029, mode: RECOVERING
2026-02-20 17:23:05,757 - Tick: 750 | x: -0.233, theta: 0.117, surp: 0.503, unc: 0.020, mode: FORAGING
2026-02-20 17:23:08,886 - Tick: 800 | x: -0.704, theta: -1.117, surp: 1.003, unc: 0.016, mode: FORAGING
2026-02-20 17:23:11,555 - Tick: 850 | x: -0.999, theta: -2.700, surp: 0.585, unc: 0.025, mode: RECOVERING
2026-02-20 17:23:15,527 - Tick: 900 | x: -1.185, theta: 1.582, surp: 0.531, unc: 0.016, mode: RECOVERING
2026-02-20 17:23:18,741 - Tick: 950 | x: -1.050, theta: -0.479, surp: 0.818, unc: 0.008, mode: RECOVERING
2026-02-20 17:23:21,440 - Tick: 1000 | x: -0.779, theta: -2.862, surp: 0.470, unc: 0.019, mode: FORAGING
2026-02-20 17:23:24,145 - Tick: 1050 | x: -0.444, theta: 0.654, surp: 0.430, unc: 0.017, mode: FORAGING
2026-02-20 17:23:26,934 - Tick: 1100 | x: 0.155, theta: -2.196, surp: 0.816, unc: 0.019, mode: RECOVERING
2026-02-20 17:23:30,136 - Tick: 1150 | x: 0.677, theta: 0.745, surp: 0.442, unc: 0.016, mode: RECOVERING
2026-02-20 17:23:32,908 - Tick: 1200 | x: 1.468, theta: -2.665, surp: 0.490, unc: 0.015, mode: FORAGING
2026-02-20 17:23:35,759 - Tick: 1250 | x: 1.645, theta: -0.214, surp: 0.729, unc: 0.007, mode: FORAGING
2026-02-20 17:23:38,407 - Tick: 1300 | x: 0.697, theta: 1.996, surp: 0.669, unc: 0.004, mode: FORAGING
2026-02-20 17:23:41,556 - Tick: 1350 | x: -0.038, theta: -2.151, surp: 0.760, unc: 0.014, mode: RECOVERING
2026-02-20 17:23:44,449 - Tick: 1400 | x: -0.844, theta: -0.437, surp: 0.841, unc: 0.004, mode: FORAGING
2026-02-20 17:23:48,023 - Tick: 1450 | x: -1.583, theta: 1.083, surp: 0.556, unc: 0.012, mode: RECOVERING
2026-02-20 17:23:51,284 - Tick: 1500 | x: -1.725, theta: 2.450, surp: 0.611, unc: 0.000, mode: FORAGING
2026-02-20 17:23:55,427 - Tick: 1550 | x: -0.834, theta: -2.628, surp: 0.449, unc: 0.010, mode: FORAGING
2026-02-20 17:23:58,807 - Tick: 1600 | x: 0.089, theta: -1.675, surp: 0.933, unc: 0.008, mode: RECOVERING
2026-02-20 17:24:02,023 - Tick: 1650 | x: 1.030, theta: -0.933, surp: 1.021, unc: 0.000, mode: RECOVERING
2026-02-20 17:24:04,847 - Tick: 1700 | x: 2.000, theta: -0.368, surp: 0.844, unc: 0.004, mode: RECOVERING
2026-02-20 17:24:07,919 - Tick: 1750 | x: 0.268, theta: 0.040, surp: 0.650, unc: 0.007, mode: FORAGING
2026-02-20 17:24:12,047 - Tick: 1800 | x: -1.411, theta: 0.257, surp: 0.572, unc: 0.009, mode: RECOVERING
2026-02-20 17:24:18,182 - Tick: 1850 | x: -1.431, theta: 0.298, surp: 0.558, unc: 0.009, mode: FORAGING
2026-02-20 17:24:21,017 - Tick: 1900 | x: -0.117, theta: 0.185, surp: 0.599, unc: 0.008, mode: RECOVERING
2026-02-20 17:24:24,000 - Tick: 1950 | x: 1.240, theta: -0.088, surp: 0.716, unc: 0.006, mode: FORAGING
2026-02-20 17:24:26,899 - Tick: 2000 | x: 1.701, theta: -0.524, surp: 0.929, unc: 0.000, mode: RECOVERING
2026-02-20 17:24:29,787 - Tick: 2050 | x: 0.872, theta: -1.094, surp: 1.042, unc: 0.000, mode: FORAGING
2026-02-20 17:24:32,457 - Tick: 2100 | x: 0.051, theta: -1.785, surp: 0.915, unc: 0.006, mode: RECOVERING
2026-02-20 17:24:36,027 - Tick: 2150 | x: -0.770, theta: -2.618, surp: 0.353, unc: 0.004, mode: RECOVERING
2026-02-20 17:24:40,083 - Starting CartPole live run...
2026-02-20 17:24:40,126 - Tick: 0 | x: -0.020, theta: -0.037, surp: 0.298, unc: 0.240, mode: FORAGING
2026-02-20 17:24:43,658 - Tick: 50 | x: 0.581, theta: -1.757, surp: 0.674, unc: 0.654, mode: FORAGING
2026-02-20 17:24:47,377 - Tick: 100 | x: -0.078, theta: 1.804, surp: 0.631, unc: 0.272, mode: FORAGING
2026-02-20 17:24:51,416 - Tick: 150 | x: 1.960, theta: 0.979, surp: 0.439, unc: 0.110, mode: FORAGING
2026-02-20 17:24:54,550 - Tick: 200 | x: 0.957, theta: -2.119, surp: 1.420, unc: 0.173, mode: RECOVERING
